<?xml version="1.0" encoding="UTF-8"?>
<!-- Generated by org.testng.reporters.JUnitReportReporter -->
<testsuite hostname="CBTECH5-LAPTOP" name="testCases.Framework_001" tests="1" failures="0" timestamp="10 Sep 2014 12:05:42 GMT" time="96.978" errors="0">
  <testcase name="main" time="96.978" classname="testCases.Framework_001"/>
</testsuite> <!-- testCases.Framework_001 -->
